2020-01-30 08:58:33,701 INFO o.a.j.u.JMeterUtils: Setting Locale to en_EN
2020-01-30 08:58:33,711 INFO o.a.j.JMeter: Loading user properties from: /home/01456231650/krfb/apache-jmeter-5.2.1/bin/user.properties
2020-01-30 08:58:33,718 INFO o.a.j.JMeter: Loading system properties from: /home/01456231650/krfb/apache-jmeter-5.2.1/bin/system.properties
2020-01-30 08:58:33,719 INFO o.a.j.JMeter: Copyright (c) 1998-2019 The Apache Software Foundation
2020-01-30 08:58:33,719 INFO o.a.j.JMeter: Version 5.2.1
2020-01-30 08:58:33,719 INFO o.a.j.JMeter: java.version=1.8.0_232
2020-01-30 08:58:33,719 INFO o.a.j.JMeter: java.vm.name=OpenJDK 64-Bit Server VM
2020-01-30 08:58:33,719 INFO o.a.j.JMeter: os.name=Linux
2020-01-30 08:58:33,719 INFO o.a.j.JMeter: os.arch=amd64
2020-01-30 08:58:33,719 INFO o.a.j.JMeter: os.version=4.15.0-72-generic
2020-01-30 08:58:33,719 INFO o.a.j.JMeter: file.encoding=UTF-8
2020-01-30 08:58:33,719 INFO o.a.j.JMeter: java.awt.headless=null
2020-01-30 08:58:33,719 INFO o.a.j.JMeter: Max memory     =2147483648
2020-01-30 08:58:33,719 INFO o.a.j.JMeter: Available Processors =8
2020-01-30 08:58:33,722 INFO o.a.j.JMeter: Default Locale=English (EN)
2020-01-30 08:58:33,722 INFO o.a.j.JMeter: JMeter  Locale=English (EN)
2020-01-30 08:58:33,722 INFO o.a.j.JMeter: JMeterHome=/home/01456231650/krfb/apache-jmeter-5.2.1
2020-01-30 08:58:33,722 INFO o.a.j.JMeter: user.dir  =/home/01456231650/java/projetos/demomeecrowave
2020-01-30 08:58:33,722 INFO o.a.j.JMeter: PWD       =/home/01456231650/java/projetos/demomeecrowave
2020-01-30 08:58:33,722 INFO o.a.j.JMeter: IP: 127.0.1.1 Name: serpro-1540845 FullName: serpro-1540845
2020-01-30 08:58:33,906 INFO o.a.j.g.a.LookAndFeelCommand: Installing Darcula LAF
2020-01-30 08:58:33,935 INFO o.a.j.g.a.LookAndFeelCommand: Using look and feel: com.sun.java.swing.plaf.gtk.GTKLookAndFeel [Darcula]
2020-01-30 08:58:33,935 INFO o.a.j.JMeter: Setting LAF to: com.sun.java.swing.plaf.gtk.GTKLookAndFeel
2020-01-30 08:58:34,343 INFO o.a.j.JMeter: Loaded icon properties from org/apache/jmeter/images/icon.properties
2020-01-30 08:58:35,869 INFO o.a.j.p.h.s.HTTPSamplerBase: Parser for text/html is org.apache.jmeter.protocol.http.parser.LagartoBasedHtmlParser
2020-01-30 08:58:35,869 INFO o.a.j.p.h.s.HTTPSamplerBase: Parser for application/xhtml+xml is org.apache.jmeter.protocol.http.parser.LagartoBasedHtmlParser
2020-01-30 08:58:35,869 INFO o.a.j.p.h.s.HTTPSamplerBase: Parser for application/xml is org.apache.jmeter.protocol.http.parser.LagartoBasedHtmlParser
2020-01-30 08:58:35,869 INFO o.a.j.p.h.s.HTTPSamplerBase: Parser for text/xml is org.apache.jmeter.protocol.http.parser.LagartoBasedHtmlParser
2020-01-30 08:58:35,869 INFO o.a.j.p.h.s.HTTPSamplerBase: Parser for text/vnd.wap.wml is org.apache.jmeter.protocol.http.parser.RegexpHTMLParser
2020-01-30 08:58:35,869 INFO o.a.j.p.h.s.HTTPSamplerBase: Parser for text/css is org.apache.jmeter.protocol.http.parser.CssParser
2020-01-30 08:58:36,139 INFO o.a.j.e.KeyToolUtils: keytool found at 'keytool'
2020-01-30 08:58:36,139 INFO o.a.j.p.h.p.ProxyControl: HTTP(S) Test Script Recorder SSL Proxy will use keys that support embedded 3rd party resources in file /home/01456231650/krfb/apache-jmeter-5.2.1/bin/proxyserver.jks
2020-01-30 08:58:36,247 INFO o.a.j.s.FileServer: Default base='/home/01456231650/java/projetos/demomeecrowave'
2020-01-30 08:58:36,518 INFO o.a.j.s.SampleResult: Note: Sample TimeStamps are START times
2020-01-30 08:58:36,518 INFO o.a.j.s.SampleResult: sampleresult.default.encoding is set to ISO-8859-1
2020-01-30 08:58:36,518 INFO o.a.j.s.SampleResult: sampleresult.useNanoTime=true
2020-01-30 08:58:36,519 INFO o.a.j.s.SampleResult: sampleresult.nanoThreadSleep=5000
2020-01-30 08:58:36,540 INFO o.a.j.v.ViewResultsFullVisualizer: Add JavaFX to your Java installation if you want to use renderer: org.apache.jmeter.visualizers.RenderInBrowser
2020-01-30 08:58:55,563 INFO o.a.j.g.a.Load: Loading file: /home/01456231650/java/projetos/demomeecrowave/src/test/resources/Meecrowave.jmx
2020-01-30 08:58:55,563 INFO o.a.j.s.FileServer: Set new base='/home/01456231650/java/projetos/demomeecrowave/src/test/resources'
2020-01-30 08:58:55,670 INFO o.a.j.s.SaveService: Testplan (JMX) version: 2.2. Testlog (JTL) version: 2.2
2020-01-30 08:58:55,679 INFO o.a.j.s.SaveService: Using SaveService properties file encoding UTF-8
2020-01-30 08:58:55,681 INFO o.a.j.s.SaveService: Using SaveService properties version 5.0
2020-01-30 08:58:55,683 INFO o.a.j.s.SaveService: Loading file: /home/01456231650/java/projetos/demomeecrowave/src/test/resources/Meecrowave.jmx
2020-01-30 08:58:55,746 INFO o.a.j.v.ViewResultsFullVisualizer: Add JavaFX to your Java installation if you want to use renderer: org.apache.jmeter.visualizers.RenderInBrowser
2020-01-30 08:58:55,772 INFO o.a.j.s.FileServer: Set new base='/home/01456231650/java/projetos/demomeecrowave/src/test/resources'
2020-01-30 08:59:15,958 INFO o.a.j.s.FileServer: Set new base='/home/01456231650/java/projetos/demomeecrowave/src/test/resources'
